# JRE version: Java(TM) SE Runtime Environment (7.0_79-b15) (build 1.7.0_79-b15)
# Java VM: Java HotSpot(TM) 64-Bit Server VM (24.79-b02 mixed mode windows-amd64 compressed oops)
Heap
 PSYoungGen      total 262144K, used 94924K [0x00000000eaa80000, 0x00000000fe400000, 0x0000000100000000)
  eden space 233472K, 28% used [0x00000000eaa80000,0x00000000eeb34c10,0x00000000f8e80000)
  from space 28672K, 99% used [0x00000000fc800000,0x00000000fe3fe558,0x00000000fe400000)
  to   space 34304K, 0% used [0x00000000fa100000,0x00000000fa100000,0x00000000fc280000)
 ParOldGen       total 86016K, used 62553K [0x00000000c0000000, 0x00000000c5400000, 0x00000000eaa80000)
  object space 86016K, 72% used [0x00000000c0000000,0x00000000c3d165d8,0x00000000c5400000)
 PSPermGen       total 83968K, used 55635K [0x00000000b0000000, 0x00000000b5200000, 0x00000000c0000000)
  object space 83968K, 66% used [0x00000000b0000000,0x00000000b3654e40,0x00000000b5200000)
GC Heap History (10 events):
Event: 14.713 GC heap before
{Heap before GC invocations=11 (full 1):
 PSYoungGen      total 281088K, used 260608K [0x00000000eaa80000, 0x00000000fe780000, 0x0000000100000000)
  eden space 260608K, 100% used [0x00000000eaa80000,0x00000000fa900000,0x00000000fa900000)
  from space 20480K, 0% used [0x00000000fa900000,0x00000000fa900000,0x00000000fbd00000)
  to   space 29184K, 0% used [0x00000000fcb00000,0x00000000fcb00000,0x00000000fe780000)
 ParOldGen       total 86016K, used 45896K [0x00000000c0000000, 0x00000000c5400000, 0x00000000eaa80000)
  object space 86016K, 53% used [0x00000000c0000000,0x00000000c2cd2088,0x00000000c5400000)
 PSPermGen       total 83968K, used 45133K [0x00000000b0000000, 0x00000000b5200000, 0x00000000c0000000)
  object space 83968K, 53% used [0x00000000b0000000,0x00000000b2c13770,0x00000000b5200000)
Event: 14.726 GC heap after
Heap after GC invocations=11 (full 1):
 PSYoungGen      total 295424K, used 16556K [0x00000000eaa80000, 0x0000000100000000, 0x0000000100000000)
  eden space 266240K, 0% used [0x00000000eaa80000,0x00000000eaa80000,0x00000000fae80000)
  from space 29184K, 56% used [0x00000000fcb00000,0x00000000fdb2b290,0x00000000fe780000)
  to   space 29184K, 0% used [0x00000000fae80000,0x00000000fae80000,0x00000000fcb00000)
 ParOldGen       total 86016K, used 45904K [0x00000000c0000000, 0x00000000c5400000, 0x00000000eaa80000)
  object space 86016K, 53% used [0x00000000c0000000,0x00000000c2cd4088,0x00000000c5400000)
 PSPermGen       total 83968K, used 45133K [0x00000000b0000000, 0x00000000b5200000, 0x00000000c0000000)
  object space 83968K, 53% used [0x00000000b0000000,0x00000000b2c13770,0x00000000b5200000)
}
Event: 16.772 GC heap before
{Heap before GC invocations=12 (full 1):
 PSYoungGen      total 295424K, used 282796K [0x00000000eaa80000, 0x0000000100000000, 0x0000000100000000)
  eden space 266240K, 100% used [0x00000000eaa80000,0x00000000fae80000,0x00000000fae80000)
  from space 29184K, 56% used [0x00000000fcb00000,0x00000000fdb2b290,0x00000000fe780000)
  to   space 29184K, 0% used [0x00000000fae80000,0x00000000fae80000,0x00000000fcb00000)
 ParOldGen       total 86016K, used 45904K [0x00000000c0000000, 0x00000000c5400000, 0x00000000eaa80000)
  object space 86016K, 53% used [0x00000000c0000000,0x00000000c2cd4088,0x00000000c5400000)
 PSPermGen       total 83968K, used 48207K [0x00000000b0000000, 0x00000000b5200000, 0x00000000c0000000)
  object space 83968K, 57% used [0x00000000b0000000,0x00000000b2f13ea0,0x00000000b5200000)
Event: 16.780 GC heap after
Heap after GC invocations=12 (full 1):
 PSYoungGen      total 295424K, used 2993K [0x00000000eaa80000, 0x0000000100000000, 0x0000000100000000)
  eden space 266240K, 0% used [0x00000000eaa80000,0x00000000eaa80000,0x00000000fae80000)
  from space 29184K, 10% used [0x00000000fae80000,0x00000000fb16c5e8,0x00000000fcb00000)
  to   space 29184K, 0% used [0x00000000fe380000,0x00000000fe380000,0x0000000100000000)
 ParOldGen       total 86016K, used 53060K [0x00000000c0000000, 0x00000000c5400000, 0x00000000eaa80000)
  object space 86016K, 61% used [0x00000000c0000000,0x00000000c33d1260,0x00000000c5400000)
 PSPermGen       total 83968K, used 48207K [0x00000000b0000000, 0x00000000b5200000, 0x00000000c0000000)
  object space 83968K, 57% used [0x00000000b0000000,0x00000000b2f13ea0,0x00000000b5200000)
}
Event: 33.118 GC heap before
{Heap before GC invocations=13 (full 1):
 PSYoungGen      total 295424K, used 269233K [0x00000000eaa80000, 0x0000000100000000, 0x0000000100000000)
  eden space 266240K, 100% used [0x00000000eaa80000,0x00000000fae80000,0x00000000fae80000)
  from space 29184K, 10% used [0x00000000fae80000,0x00000000fb16c5e8,0x00000000fcb00000)
  to   space 29184K, 0% used [0x00000000fe380000,0x00000000fe380000,0x0000000100000000)
 ParOldGen       total 86016K, used 53060K [0x00000000c0000000, 0x00000000c5400000, 0x00000000eaa80000)
  object space 86016K, 61% used [0x00000000c0000000,0x00000000c33d1260,0x00000000c5400000)
 PSPermGen       total 83968K, used 49146K [0x00000000b0000000, 0x00000000b5200000, 0x00000000c0000000)
  object space 83968K, 58% used [0x00000000b0000000,0x00000000b2ffe930,0x00000000b5200000)
Event: 33.130 GC heap after
Heap after GC invocations=13 (full 1):
 PSYoungGen      total 268800K, used 14248K [0x00000000eaa80000, 0x00000000ff180000, 0x0000000100000000)
  eden space 254464K, 0% used [0x00000000eaa80000,0x00000000eaa80000,0x00000000fa300000)
  from space 14336K, 99% used [0x00000000fe380000,0x00000000ff16a108,0x00000000ff180000)
  to   space 28672K, 0% used [0x00000000fb980000,0x00000000fb980000,0x00000000fd580000)
 ParOldGen       total 86016K, used 53938K [0x00000000c0000000, 0x00000000c5400000, 0x00000000eaa80000)
  object space 86016K, 62% used [0x00000000c0000000,0x00000000c34aca90,0x00000000c5400000)
 PSPermGen       total 83968K, used 49146K [0x00000000b0000000, 0x00000000b5200000, 0x00000000c0000000)
  object space 83968K, 58% used [0x00000000b0000000,0x00000000b2ffe930,0x00000000b5200000)
}
Event: 35.867 GC heap before
{Heap before GC invocations=14 (full 1):
 PSYoungGen      total 268800K, used 268712K [0x00000000eaa80000, 0x00000000ff180000, 0x0000000100000000)
  eden space 254464K, 100% used [0x00000000eaa80000,0x00000000fa300000,0x00000000fa300000)
  from space 14336K, 99% used [0x00000000fe380000,0x00000000ff16a108,0x00000000ff180000)
  to   space 28672K, 0% used [0x00000000fb980000,0x00000000fb980000,0x00000000fd580000)
 ParOldGen       total 86016K, used 53938K [0x00000000c0000000, 0x00000000c5400000, 0x00000000eaa80000)
  object space 86016K, 62% used [0x00000000c0000000,0x00000000c34aca90,0x00000000c5400000)
 PSPermGen       total 83968K, used 49244K [0x00000000b0000000, 0x00000000b5200000, 0x00000000c0000000)
  object space 83968K, 58% used [0x00000000b0000000,0x00000000b3017278,0x00000000b5200000)
Event: 35.874 GC heap after
Heap after GC invocations=14 (full 1):
 PSYoungGen      total 245760K, used 1920K [0x00000000eaa80000, 0x00000000fe400000, 0x0000000100000000)
  eden space 243712K, 0% used [0x00000000eaa80000,0x00000000eaa80000,0x00000000f9880000)
  from space 2048K, 93% used [0x00000000fb980000,0x00000000fbb60080,0x00000000fbb80000)
  to   space 28672K, 0% used [0x00000000fc800000,0x00000000fc800000,0x00000000fe400000)
 ParOldGen       total 86016K, used 59780K [0x00000000c0000000, 0x00000000c5400000, 0x00000000eaa80000)
  object space 86016K, 69% used [0x00000000c0000000,0x00000000c3a61128,0x00000000c5400000)
 PSPermGen       total 83968K, used 49244K [0x00000000b0000000, 0x00000000b5200000, 0x00000000c0000000)
  object space 83968K, 58% used [0x00000000b0000000,0x00000000b3017278,0x00000000b5200000)
}
Event: 117.269 GC heap before
{Heap before GC invocations=15 (full 1):
 PSYoungGen      total 245760K, used 245632K [0x00000000eaa80000, 0x00000000fe400000, 0x0000000100000000)
  eden space 243712K, 100% used [0x00000000eaa80000,0x00000000f9880000,0x00000000f9880000)
  from space 2048K, 93% used [0x00000000fb980000,0x00000000fbb60080,0x00000000fbb80000)
  to   space 28672K, 0% used [0x00000000fc800000,0x00000000fc800000,0x00000000fe400000)
 ParOldGen       total 86016K, used 59780K [0x00000000c0000000, 0x00000000c5400000, 0x00000000eaa80000)
  object space 86016K, 69% used [0x00000000c0000000,0x00000000c3a61128,0x00000000c5400000)
 PSPermGen       total 83968K, used 55308K [0x00000000b0000000, 0x00000000b5200000, 0x00000000c0000000)
  object space 83968K, 65% used [0x00000000b0000000,0x00000000b36030a0,0x00000000b5200000)
Event: 117.286 GC heap after
Heap after GC invocations=15 (full 1):
 PSYoungGen      total 262144K, used 28665K [0x00000000eaa80000, 0x00000000fe400000, 0x0000000100000000)
  eden space 233472K, 0% used [0x00000000eaa80000,0x00000000eaa80000,0x00000000f8e80000)
  from space 28672K, 99% used [0x00000000fc800000,0x00000000fe3fe558,0x00000000fe400000)
  to   space 34304K, 0% used [0x00000000fa100000,0x00000000fa100000,0x00000000fc280000)
 ParOldGen       total 86016K, used 62553K [0x00000000c0000000, 0x00000000c5400000, 0x00000000eaa80000)
  object space 86016K, 72% used [0x00000000c0000000,0x00000000c3d165d8,0x00000000c5400000)
 PSPermGen       total 83968K, used 55308K [0x00000000b0000000, 0x00000000b5200000, 0x00000000c0000000)
  object space 83968K, 65% used [0x00000000b0000000,0x00000000b36030a0,0x00000000b5200000)
}

